<?xml version="1.0" encoding="UTF-8"?>
<!-- Generated by org.testng.reporters.JUnitReportReporter -->
<testsuite hostname="DESKTOP-7SIFO9D" failures="0" tests="1" name="com.simplilearn.Phase4_FlipkartProject.FlipkartApp" time="68.558" errors="0" timestamp="2023-02-12T19:53:15 IST" skipped="0">
  <testcase classname="com.simplilearn.Phase4_FlipkartProject.FlipkartApp" name="FlipkartOderSummary" time="68.558"/>
  <system-out/>
</testsuite> <!-- com.simplilearn.Phase4_FlipkartProject.FlipkartApp -->
